<?xml version="1.0" encoding="UTF-8"?>
<testsuite name="tester.DemoTest" tests="1" skipped="0" failures="0" errors="0" timestamp="2016-05-19T11:34:33" hostname="DIN56001175" time="0.002">
  <properties/>
  <testcase name="alwaysReturnPositiveResult" classname="tester.DemoTest" time="0.002"/>
  <system-out><![CDATA[]]></system-out>
  <system-err><![CDATA[]]></system-err>
</testsuite>
